Build started 9/8/2015 7:42:56 AM.
     1>Project "D:\arko\Computer Programming 3 projects\make change\make change\make change.vcxproj" on node 2 (Build target(s)).
     1>ClCompile:
         C:\Program Files (x86)\Microsoft Visual Studio 12.0\VC\bin\CL.exe /c /ZI /nologo /W3 /WX- /sdl /Od /Oy- /D WIN32 /D _DEBUG /D _CONSOLE /D _LIB /D _UNICODE /D UNICODE /Gm /EHsc /RTC1 /MDd /GS /fp:precise /Zc:wchar_t /Zc:forScope /Yc"stdafx.h" /Fp"Debug\make change.pch" /Fo"Debug\\" /Fd"Debug\vc120.pdb" /Gd /TP /analyze- /errorReport:prompt stdafx.cpp
         stdafx.cpp
         C:\Program Files (x86)\Microsoft Visual Studio 12.0\VC\bin\CL.exe /c /ZI /nologo /W3 /WX- /sdl /Od /Oy- /D WIN32 /D _DEBUG /D _CONSOLE /D _LIB /D _UNICODE /D UNICODE /Gm /EHsc /RTC1 /MDd /GS /fp:precise /Zc:wchar_t /Zc:forScope /Yu"stdafx.h" /Fp"Debug\make change.pch" /Fo"Debug\\" /Fd"Debug\vc120.pdb" /Gd /TP /analyze- /errorReport:prompt "make change.cpp"
         make change.cpp
     1>d:\arko\computer programming 3 projects\make change\make change\make change.cpp(107): warning C4305: '+=' : truncation from 'double' to 'float'
     1>d:\arko\computer programming 3 projects\make change\make change\make change.cpp(111): warning C4305: '+=' : truncation from 'double' to 'float'
     1>d:\arko\computer programming 3 projects\make change\make change\make change.cpp(115): warning C4305: '+=' : truncation from 'double' to 'float'
     1>d:\arko\computer programming 3 projects\make change\make change\make change.cpp(119): warning C4305: '+=' : truncation from 'double' to 'float'
     1>d:\arko\computer programming 3 projects\make change\make change\make change.cpp(147): warning C4244: '=' : conversion from 'float' to 'int', possible loss of data
     1>d:\arko\computer programming 3 projects\make change\make change\make change.cpp(168): warning C4244: '=' : conversion from 'int' to 'float', possible loss of data
     1>d:\arko\computer programming 3 projects\make change\make change\make change.cpp(169): warning C4244: '=' : conversion from 'int' to 'float', possible loss of data
     1>d:\arko\computer programming 3 projects\make change\make change\make change.cpp(170): warning C4244: '=' : conversion from 'int' to 'float', possible loss of data
     1>d:\arko\computer programming 3 projects\make change\make change\make change.cpp(171): warning C4244: '=' : conversion from 'int' to 'float', possible loss of data
     1>d:\arko\computer programming 3 projects\make change\make change\make change.cpp(172): warning C4244: '=' : conversion from 'int' to 'float', possible loss of data
     1>d:\arko\computer programming 3 projects\make change\make change\make change.cpp(173): warning C4244: '=' : conversion from 'int' to 'float', possible loss of data
     1>d:\arko\computer programming 3 projects\make change\make change\make change.cpp(174): warning C4244: '=' : conversion from 'double' to 'float', possible loss of data
     1>d:\arko\computer programming 3 projects\make change\make change\make change.cpp(175): warning C4244: '=' : conversion from 'double' to 'float', possible loss of data
     1>d:\arko\computer programming 3 projects\make change\make change\make change.cpp(176): warning C4244: '=' : conversion from 'double' to 'float', possible loss of data
     1>d:\arko\computer programming 3 projects\make change\make change\make change.cpp(177): warning C4244: '=' : conversion from 'double' to 'float', possible loss of data
       Link:
         C:\Program Files (x86)\Microsoft Visual Studio 12.0\VC\bin\link.exe /ERRORREPORT:PROMPT /OUT:"D:\arko\Computer Programming 3 projects\make change\Debug\make change.exe" /INCREMENTAL /NOLOGO kernel32.lib user32.lib gdi32.lib winspool.lib comdlg32.lib advapi32.lib shell32.lib ole32.lib oleaut32.lib uuid.lib odbc32.lib odbccp32.lib /MANIFEST /MANIFESTUAC:"level='asInvoker' uiAccess='false'" /manifest:embed /DEBUG /PDB:"D:\arko\Computer Programming 3 projects\make change\Debug\make change.pdb" /SUBSYSTEM:CONSOLE /TLBID:1 /DYNAMICBASE /NXCOMPAT /IMPLIB:"D:\arko\Computer Programming 3 projects\make change\Debug\make change.lib" /MACHINE:X86 "Debug\make change.obj"
         Debug\stdafx.obj
         make change.vcxproj -> D:\arko\Computer Programming 3 projects\make change\Debug\make change.exe
     1>Done Building Project "D:\arko\Computer Programming 3 projects\make change\make change\make change.vcxproj" (Build target(s)).

Build succeeded.

Time Elapsed 00:00:02.83
