Build started 10/1/2015 7:35:43 AM.
     1>Project "D:\arko\Computer Programming 3 projects\randomize\randomize\randomize.vcxproj" on node 2 (Build target(s)).
     1>ClCompile:
         C:\Program Files (x86)\Microsoft Visual Studio 12.0\VC\bin\CL.exe /c /ZI /nologo /W3 /WX- /sdl /Od /Oy- /D WIN32 /D _DEBUG /D _CONSOLE /D _LIB /D _UNICODE /D UNICODE /Gm /EHsc /RTC1 /MDd /GS /fp:precise /Zc:wchar_t /Zc:forScope /Yu"stdafx.h" /Fp"Debug\randomize.pch" /Fo"Debug\\" /Fd"Debug\vc120.pdb" /Gd /TP /analyze- /errorReport:prompt randomize.cpp
         randomize.cpp
     1>d:\arko\computer programming 3 projects\randomize\randomize\randomize.cpp(75): warning C4258: 'i' : definition from the for loop is ignored; the definition from the enclosing scope is used
                 d:\arko\computer programming 3 projects\randomize\randomize\randomize.cpp(59) : definition of 'i' ignored
                 d:\arko\computer programming 3 projects\randomize\randomize\randomize.cpp(22) : definition of 'i' used
     1>d:\arko\computer programming 3 projects\randomize\randomize\randomize.cpp(78): warning C4258: 'i' : definition from the for loop is ignored; the definition from the enclosing scope is used
                 d:\arko\computer programming 3 projects\randomize\randomize\randomize.cpp(59) : definition of 'i' ignored
                 d:\arko\computer programming 3 projects\randomize\randomize\randomize.cpp(22) : definition of 'i' used
     1>d:\arko\computer programming 3 projects\randomize\randomize\randomize.cpp(79): warning C4258: 'i' : definition from the for loop is ignored; the definition from the enclosing scope is used
                 d:\arko\computer programming 3 projects\randomize\randomize\randomize.cpp(59) : definition of 'i' ignored
                 d:\arko\computer programming 3 projects\randomize\randomize\randomize.cpp(22) : definition of 'i' used
     1>d:\arko\computer programming 3 projects\randomize\randomize\randomize.cpp(80): warning C4258: 'i' : definition from the for loop is ignored; the definition from the enclosing scope is used
                 d:\arko\computer programming 3 projects\randomize\randomize\randomize.cpp(59) : definition of 'i' ignored
                 d:\arko\computer programming 3 projects\randomize\randomize\randomize.cpp(22) : definition of 'i' used
       Link:
         C:\Program Files (x86)\Microsoft Visual Studio 12.0\VC\bin\link.exe /ERRORREPORT:PROMPT /OUT:"D:\arko\Computer Programming 3 projects\randomize\Debug\randomize.exe" /INCREMENTAL /NOLOGO kernel32.lib user32.lib gdi32.lib winspool.lib comdlg32.lib advapi32.lib shell32.lib ole32.lib oleaut32.lib uuid.lib odbc32.lib odbccp32.lib /MANIFEST /MANIFESTUAC:"level='asInvoker' uiAccess='false'" /manifest:embed /DEBUG /PDB:"D:\arko\Computer Programming 3 projects\randomize\Debug\randomize.pdb" /SUBSYSTEM:CONSOLE /TLBID:1 /DYNAMICBASE /NXCOMPAT /IMPLIB:"D:\arko\Computer Programming 3 projects\randomize\Debug\randomize.lib" /MACHINE:X86 Debug\randomize.obj
         Debug\stdafx.obj
         randomize.vcxproj -> D:\arko\Computer Programming 3 projects\randomize\Debug\randomize.exe
     1>Done Building Project "D:\arko\Computer Programming 3 projects\randomize\randomize\randomize.vcxproj" (Build target(s)).

Build succeeded.

Time Elapsed 00:00:00.87
